<?xml version="1.0" encoding="UTF-8"?>
<!-- Generated by org.testng.reporters.JUnitReportReporter -->
<testsuite hostname="DESKTOP-8O04CQV" failures="0" tests="1" name="E_Commerce_Magento.MagentoEcommerce" time="69.198" errors="0" timestamp="2025-04-10T19:50:35 IST" skipped="0">
  <testcase classname="E_Commerce_Magento.MagentoEcommerce" name="WhatsNew" time="69.198"/>
</testsuite> <!-- E_Commerce_Magento.MagentoEcommerce -->
